  SandboxApp.cpp
C:\Users\Gaming Account\Source\Repos\KablunkEngine2020\KablunkEngine2020\src\Kablunk\Debug\Instrumentor.h(130,1): warning C4267: 'initializing': conversion from 'size_t' to 'uint32_t', possible loss of data
C:\Users\Gaming Account\Source\Repos\KablunkEngine2020\Sandbox\src\FallingSand\TileMap.h(32,19): warning C4553: '==': result of expression not used; did you intend '='?
C:\Users\Gaming Account\Source\Repos\KablunkEngine2020\Sandbox\src\FallingSand\TileMap.h(55,19): warning C4553: '==': result of expression not used; did you intend '='?
C:\Users\Gaming Account\Source\Repos\KablunkEngine2020\Sandbox\src\FallingSand\TileMap.h(65,14): warning C4553: '==': result of expression not used; did you intend '='?
C:\Users\Gaming Account\Source\Repos\KablunkEngine2020\Sandbox\src\FallingSand\TileMap.h(121,52): warning C4018: '<': signed/unsigned mismatch
C:\Users\Gaming Account\Source\Repos\KablunkEngine2020\Sandbox\src\FallingSand\TileMap.h(121,80): warning C4018: '<': signed/unsigned mismatch
  FallingSand.cpp
C:\Users\Gaming Account\Source\Repos\KablunkEngine2020\KablunkEngine2020\src\Kablunk\Debug\Instrumentor.h(130,1): warning C4267: 'initializing': conversion from 'size_t' to 'uint32_t', possible loss of data
C:\Users\Gaming Account\Source\Repos\KablunkEngine2020\Sandbox\src\FallingSand\TileMap.h(32,19): warning C4553: '==': result of expression not used; did you intend '='?
C:\Users\Gaming Account\Source\Repos\KablunkEngine2020\Sandbox\src\FallingSand\TileMap.h(55,19): warning C4553: '==': result of expression not used; did you intend '='?
C:\Users\Gaming Account\Source\Repos\KablunkEngine2020\Sandbox\src\FallingSand\TileMap.h(65,14): warning C4553: '==': result of expression not used; did you intend '='?
C:\Users\Gaming Account\Source\Repos\KablunkEngine2020\Sandbox\src\FallingSand\TileMap.h(121,52): warning C4018: '<': signed/unsigned mismatch
C:\Users\Gaming Account\Source\Repos\KablunkEngine2020\Sandbox\src\FallingSand\TileMap.h(121,80): warning C4018: '<': signed/unsigned mismatch
C:\Users\Gaming Account\Source\Repos\KablunkEngine2020\Sandbox\src\FallingSand\FallingSand.cpp(40,32): warning C4244: 'argument': conversion from 'float' to 'uint32_t', possible loss of data
C:\Users\Gaming Account\Source\Repos\KablunkEngine2020\Sandbox\src\FallingSand\FallingSand.cpp(40,29): warning C4244: 'argument': conversion from 'float' to 'uint32_t', possible loss of data
C:\Users\Gaming Account\Source\Repos\KablunkEngine2020\Sandbox\src\FallingSand\FallingSand.cpp(151,13): warning C4244: 'initializing': conversion from 'T' to 'int', possible loss of data
          with
          [
              T=float
          ]
C:\Users\Gaming Account\Source\Repos\KablunkEngine2020\Sandbox\src\FallingSand\FallingSand.cpp(152,13): warning C4244: 'initializing': conversion from 'T' to 'int', possible loss of data
          with
          [
              T=float
          ]
  TileMap.cpp
C:\Users\Gaming Account\Source\Repos\KablunkEngine2020\KablunkEngine2020\src\Kablunk\Debug\Instrumentor.h(130,1): warning C4267: 'initializing': conversion from 'size_t' to 'uint32_t', possible loss of data
C:\Users\Gaming Account\Source\Repos\KablunkEngine2020\Sandbox\src\FallingSand\TileMap.h(32,19): warning C4553: '==': result of expression not used; did you intend '='?
C:\Users\Gaming Account\Source\Repos\KablunkEngine2020\Sandbox\src\FallingSand\TileMap.h(55,19): warning C4553: '==': result of expression not used; did you intend '='?
C:\Users\Gaming Account\Source\Repos\KablunkEngine2020\Sandbox\src\FallingSand\TileMap.h(65,14): warning C4553: '==': result of expression not used; did you intend '='?
C:\Users\Gaming Account\Source\Repos\KablunkEngine2020\Sandbox\src\FallingSand\TileMap.h(121,52): warning C4018: '<': signed/unsigned mismatch
C:\Users\Gaming Account\Source\Repos\KablunkEngine2020\Sandbox\src\FallingSand\TileMap.h(121,80): warning C4018: '<': signed/unsigned mismatch
C:\Users\Gaming Account\Source\Repos\KablunkEngine2020\Sandbox\src\FallingSand\TileMap.cpp(26,25): warning C4018: '<': signed/unsigned mismatch
C:\Users\Gaming Account\Source\Repos\KablunkEngine2020\Sandbox\src\FallingSand\TileMap.cpp(28,26): warning C4018: '<': signed/unsigned mismatch
C:\Users\Gaming Account\Source\Repos\KablunkEngine2020\Sandbox\src\FallingSand\TileMap.cpp(42,25): warning C4018: '<': signed/unsigned mismatch
C:\Users\Gaming Account\Source\Repos\KablunkEngine2020\Sandbox\src\FallingSand\TileMap.cpp(44,26): warning C4018: '<': signed/unsigned mismatch
  Generating Code...
  Sandbox.vcxproj -> C:\Users\Gaming Account\Source\Repos\KablunkEngine2020\bin\Debug-x64\Sandbox\Sandbox.exe
